0 info it worked if it ends with ok
1 verbose cli [ 'D:\\Program Files\\nodejs\\\\node.exe',
1 verbose cli   'D:\\Program Files\\nodejs\\node_modules\\npm\\bin\\npm-cli.js',
1 verbose cli   'install',
1 verbose cli   'nodejitsu' ]
2 info using npm@1.3.11
3 info using node@v0.10.20
4 verbose node symlink D:\Program Files\nodejs\\node.exe
5 warn package.json chatit@0.0.0 No repository field.
6 warn package.json chatit@0.0.0 No README data
7 verbose readDependencies using package.json deps
8 verbose cache add [ 'nodejitsu', null ]
9 verbose cache add name=undefined spec="nodejitsu" args=["nodejitsu",null]
10 verbose parsed url { protocol: null,
10 verbose parsed url   slashes: null,
10 verbose parsed url   auth: null,
10 verbose parsed url   host: null,
10 verbose parsed url   port: null,
10 verbose parsed url   hostname: null,
10 verbose parsed url   hash: null,
10 verbose parsed url   search: null,
10 verbose parsed url   query: null,
10 verbose parsed url   pathname: 'nodejitsu',
10 verbose parsed url   path: 'nodejitsu',
10 verbose parsed url   href: 'nodejitsu' }
11 silly lockFile 26ffacc9-nodejitsu nodejitsu
12 verbose lock nodejitsu D:\Documents and Settings\Admin\Application Data\npm-cache\26ffacc9-nodejitsu.lock
13 silly lockFile 26ffacc9-nodejitsu nodejitsu
14 silly lockFile 26ffacc9-nodejitsu nodejitsu
15 verbose addNamed [ 'nodejitsu', '' ]
16 verbose addNamed [ null, '*' ]
17 silly lockFile c074668e-nodejitsu nodejitsu@
18 verbose lock nodejitsu@ D:\Documents and Settings\Admin\Application Data\npm-cache\c074668e-nodejitsu.lock
19 silly addNameRange { name: 'nodejitsu', range: '*', hasData: false }
20 verbose url raw nodejitsu
21 verbose url resolving [ 'https://registry.npmjs.org/', './nodejitsu' ]
22 verbose url resolved https://registry.npmjs.org/nodejitsu
23 info trying registry request attempt 1 at 23:20:46
24 http GET https://registry.npmjs.org/nodejitsu
25 http 404 https://registry.npmjs.org/nodejitsu
26 silly registry.get cb [ 404,
26 silly registry.get   { server: 'CouchDB/1.3.1 (Erlang OTP/R15B03)',
26 silly registry.get     date: 'Mon, 21 Oct 2013 16:33:52 GMT',
26 silly registry.get     'content-type': 'application/json',
26 silly registry.get     'content-length': '52',
26 silly registry.get     'cache-control': 'must-revalidate' } ]
27 silly lockFile c074668e-nodejitsu nodejitsu@
28 silly lockFile c074668e-nodejitsu nodejitsu@
29 error 404 'nodejitsu' is not in the npm registry.
29 error 404 You should bug the author to publish it
29 error 404
29 error 404 Note that you can also install from a
29 error 404 tarball, folder, or http url, or git url.
30 error System Windows_NT 5.1.2600
31 error command "D:\\Program Files\\nodejs\\\\node.exe" "D:\\Program Files\\nodejs\\node_modules\\npm\\bin\\npm-cli.js" "install" "nodejitsu"
32 error cwd D:\Dropbox\bunty\work\node
33 error node -v v0.10.20
34 error npm -v 1.3.11
35 error code E404
36 verbose exit [ 1, true ]
